********************************************************************************
PACKAGE-LOG: 2016-04-11 23:08:17
NOTICE: Do NOT post to public sites or forums 
********************************************************************************
VERSION:	1.1.6
WORDPRESS:	4.4.2
PHP INFO:	5.6.10 | SAPI: apache2handler
SERVER:		Apache/2.2.29 (Unix) mod_wsgi/3.5 Python/2.7.10 PHP/5.6.10 mod_ssl/2.2.29 OpenSSL/0.9.8zg DAV/2 mod_fastcgi/2.4.6 mod_perl/2.0.9 Perl/v5.22.0 
PHP TIME LIMIT: (0) no time limit imposed 
PHP MAX MEMORY: 5000M (128M default) 
MEMORY STACK: 24.75MB 

********************************************************************************
DATABASE:
********************************************************************************
BUILD MODE:   PHP(query limit - 100)
MYSQLTIMEOUT: 5000
MYSQLDUMP:    Not Supported 
TABLES: total:13 | filtered:0 | create:13 
FILTERED: [] 
SQL CREATED: 11042016_metagraphos_570c2e397c6e44797160411230737_database.sql 
SQL FILE SIZE: 1.43MB (1498947) 
SQL FILE TIME: 2016-04-11 23:08:17 
SQL RUNTIME: 0.30 sec. 

******************************************************************************** 
ARCHIVE (ZIP): 
******************************************************************************** 
ARCHIVE DIR:  /Applications/MAMP/htdocs/mgs-blog 
ARCHIVE FILE: 11042016_metagraphos_570c2e397c6e44797160411230737_archive.zip 
FILTERS: *OFF* 
DIRS:  not set 
EXTS:  not set 
---------------------------------------- 
COMPRESSING 
SIZE:	74.4MB 
STATS:	Dirs 272 | Files 3,130 
SQL ADDED: 11042016_metagraphos_570c2e397c6e44797160411230737_database.sql 
ZipArchive Object
(
    [status] => 0
    [statusSys] => 0
    [numFiles] => 3402
    [filename] => /Applications/MAMP/htdocs/mgs-blog/wp-snapshots/tmp/11042016_metagraphos_570c2e397c6e44797160411230737_archive.zip
    [comment] => 
)
 
COMPRESSION RESULT: '1' 
COMPRESSED SIZE: 48.93MB 
ARCHIVE RUNTIME: 17.39 sec. 
MEMORY STACK: 26.5MB 

******************************************************************************** 
MAKE INSTALLER: 
******************************************************************************** 
Build Start 
Build Finished 
Preping for use 
Template parsed with new data 
Complete [/Applications/MAMP/htdocs/mgs-blog/wp-snapshots/tmp/11042016_metagraphos_570c2e397c6e44797160411230737_installer.php] 
Added to archive 

******************************************************************************** 
INTEGRITY CHECKS: 
******************************************************************************** 
SQL File: 1.43MB 
Installer File: 319.27KB 
Archive File: 48.93MB  

********************************************************************************
RECORD ID:[1]
TOTAL PROCESS RUNTIME: 19.35 sec.
PEAK PHP MEMORY USED: 28.5MB
DONE PROCESSING => 11042016_metagraphos 2016-04-11 23:08:36
 
